<?xml version="1.0" encoding="UTF-8"?>
<!-- Generated by org.testng.reporters.JUnitReportReporter -->
<testsuite skipped="0" hostname="LIN55000449" name="SampleClass3Test" tests="1" failures="0" timestamp="26 Sep 2018 11:28:18 GMT" time="0.001" errors="0">
  <testcase name="SampleFunction3" time="0.001" classname="SampleClass3Test"/>
</testsuite> <!-- SampleClass3Test -->
